<?xml version="1.0" encoding="UTF-8"?>
<testsuite xmlns:xsi="http://www.w3.org/2001/XMLSchema-instance" xsi:noNamespaceSchemaLocation="https://maven.apache.org/surefire/maven-surefire-plugin/xsd/surefire-test-report-3.0.xsd" version="3.0" name="com.walit.lifeServer.TestServer" time="1.824" tests="8" errors="0" skipped="0" failures="0">
  <properties>
[...]
</properties>
  <testcase name="testRandomFrameGeneration" classname="com.walit.lifeServer.TestServer" time="1.778">
    <system-err><![CDATA[WARNING: A Java agent has been loaded dynamically (/home/walitsnb/.m2/repository/net/bytebuddy/byte-buddy-agent/1.14.11/byte-buddy-agent-1.14.11.jar)
WARNING: If a serviceability tool is in use, please run with -XX:+EnableDynamicAgentLoading to hide this warning
WARNING: If a serviceability tool is not in use, please run with -Djdk.instrument.traceUsage for more information
WARNING: Dynamic loading of agents will be disallowed by default in a future release
]]></system-err>
  </testcase>
  <testcase name="testSpeedCheck" classname="com.walit.lifeServer.TestServer" time="0.0"/>
  <testcase name="testSerialize" classname="com.walit.lifeServer.TestServer" time="0.002"/>
  <testcase name="testUserCount" classname="com.walit.lifeServer.TestServer" time="0.003">
    <system-out><![CDATA[Current users: 900
Current users: 1500
]]></system-out>
  </testcase>
  <testcase name="testDeserialize" classname="com.walit.lifeServer.TestServer" time="0.0"/>
  <testcase name="testFrameGeneration" classname="com.walit.lifeServer.TestServer" time="0.001"/>
  <testcase name="neighborCountTest" classname="com.walit.lifeServer.TestServer" time="0.001"/>
  <testcase name="testRandomNumberGen" classname="com.walit.lifeServer.TestServer" time="0.002"/>
</testsuite>